_init
.plt
.plt.got
_start
deregister_tm_clones
register_tm_clones
__do_global_dtors_aux
frame_dummy
_Z3foov
_Z3barv
main
__libc_csu_init
__libc_csu_fini
_fini
.plt
_dl_catch_exception@plt
malloc@plt
_dl_signal_exception@plt
calloc@plt
realloc@plt
_dl_signal_error@plt
_dl_catch_error@plt
.plt.got
.text
_dl_rtld_di_serinfo
_dl_debug_state
_dl_mcount
_dl_get_tls_static_info
_dl_allocate_tls_init
_dl_allocate_tls
_dl_deallocate_tls
_dl_make_stack_executable
_dl_find_dso_for_object
_dl_exception_create
_dl_exception_create_format
_dl_exception_free
__tunable_get_val
__tls_get_addr
__get_cpu_features
malloc
calloc
free
realloc
_dl_signal_exception
_dl_signal_error
_dl_catch_exception
_dl_catch_error
.text
clock_gettime
__vdso_gettimeofday
__vdso_time
__vdso_getcpu
.altinstr_replacement
.plt
@plt
@plt
@plt
@plt
realloc@plt
@plt
@plt
@plt
__tls_get_addr@plt
@plt
@plt
@plt
memalign@plt
_dl_exception_create@plt
@plt
@plt
@plt
__tunable_get_val@plt
@plt
@plt
@plt
@plt
@plt
@plt
@plt
@plt
@plt
@plt
_dl_find_dso_for_object@plt
@plt
@plt
@plt
calloc@plt
@plt
@plt
@plt
@plt
@plt
@plt
@plt
@plt
@plt
@plt
@plt
@plt
@plt
.plt.got
.text
__libc_init_first
_init
__libc_start_main
gnu_get_libc_release
gnu_get_libc_version
__errno_location
iconv_open
iconv
iconv_close
__gconv_get_modules_db
__gconv_get_alias_db
__gconv_transliterate
__gconv_get_cache
setlocale
localeconv
nl_langinfo
nl_langinfo_l
__ctype_get_mb_cur_max
__newlocale
__duplocale
__freelocale
uselocale
__assert_fail
__assert_perror_fail
__assert
isalnum
isalpha
iscntrl
isdigit
islower
isgraph
isprint
ispunct
isspace
isupper
isxdigit
tolower
toupper
isblank
_tolower
_toupper
__toascii_l
isascii
__isblank_l
__isalnum_l
__isalpha_l
iscntrl_l
__isdigit_l
islower_l
__isgraph_l
__isprint_l
ispunct_l
__isspace_l
__isupper_l
__isxdigit_l
__tolower_l
__toupper_l
__isctype
__ctype_b_loc
__ctype_toupper_loc
__ctype_tolower_loc
__ctype_init
bindtextdomain
bind_textdomain_codeset
dcgettext
dgettext
gettext
dcngettext
dngettext
ngettext
textdomain
catopen
catgets
catclose
__open_catalog
isinfl
isnanl
__finitel
copysignl
modfl
frexpl
__signbitl
scalbnl
__isinf
isnan
finite
copysign
modf
frexp
__signbit
ldexp
__isinff
__isnanf
finitef
copysignf
modff
frexpf
__signbitf
ldexpf
__sigsetjmp
setjmp
_setjmp
__libc_longjmp
signal
gsignal
killpg
__sigaction
sigprocmask
kill
sigpending
__sigsuspend
sigwait
sigblock
sigsetmask
__sigpause
sigpause
__xpg_sigpause
sigvec
sigstack
sigaltstack
siginterrupt
sigemptyset
sigfillset
sigaddset
sigdelset
sigismember
sigreturn
siggetmask
__sysv_signal
sigisemptyset
sigandset
sigorset
__libc_current_sigrtmin
__libc_current_sigrtmax_private
__libc_allocate_rtsig
__sigtimedwait
sigwaitinfo
sigqueue
sighold
sigrelse
sigignore
sigset
atof
atoi
atol
atoll
abort
bsearch
qsort_r
qsort
getenv
putenv
setenv
unsetenv
clearenv
__secure_getenv
exit
on_exit
__cxa_atexit
__cxa_finalize
quick_exit
__cxa_at_quick_exit
__cxa_thread_atexit_impl
__call_tls_dtors
abs
imaxabs
llabs
div
imaxdiv
lldiv
mblen
mbstowcs
mbtowc
wcstombs
wctomb
srandom
initstate
setstate
random
srandom_r
initstate_r
setstate_r
random_r
rand
rand_r
drand48
erand48
lrand48
nrand48
mrand48
jrand48
srand48
seed48
lcong48
drand48_r
erand48_r
lrand48_r
nrand48_r
mrand48_r
jrand48_r
srand48_r
seed48_r
lcong48_r
getrandom
getentropy
strfromf32
strfromd
strfromf64x
__strtol_internal
strtoq
__strtoul_internal
strtouq
__strtol_l
__strtoull_l
__strtof_internal
strtof
__strtod_internal
strtod
__strtold_internal
strtof64x
strtof32_l
__strtod_l
strtold_l
__strtof_nan
__strtod_nan
__strtold_nan
system
realpath
canonicalize_file_name
a64l
l64a
rpmatch
strfmon
strfmon_l
getsubopt
__xpg_basename
fmtmsg
addseverity
strtoimax
strtoumax
wcstoimax
wcstoumax
getcontext
setcontext
makecontext
swapcontext
strfromf128
__strtof128_internal
strtof128
strtof128_l
__strtof128_nan
ctermid
cuserid
vfprintf
vprintf
__printf_fp
register_printf_specifier
register_printf_function
parse_printf_format
register_printf_modifier
register_printf_type
printf_size
printf_size_info
_IO_fprintf
_IO_printf
__snprintf
_IO_sprintf
__asprintf
dprintf
vfwprintf
_IO_vfscanf
vfscanf
vfwscanf
fscanf
scanf
_IO_sscanf
perror
psignal
tmpfile64
tmpnam
tmpnam_r
tempnam
getline
getw
putw
remove
rename
renameat
_IO_flockfile
ftrylockfile
funlockfile
__isoc99_scanf
__isoc99_vscanf
__isoc99_fscanf
__isoc99_vfscanf
__isoc99_sscanf
__isoc99_vsscanf
psiginfo
_IO_file_doallocate
fclose
fdopen
_IO_fflush
fgetpos64
fgets
fopen64
fopencookie
_IO_fputs
fread
fsetpos
_IO_ftell
fwrite
getdelim
_IO_getline
_IO_getline_info
gets
_IO_padn
_IO_proc_close
_IO_proc_open
popen
_IO_puts
_IO_seekoff
_IO_seekpos
_IO_setbuffer
_IO_setvbuf
_IO_ungetc
_IO_vsprintf
vsscanf
fputwc
fputwc_unlocked
fgetwc
getwc_unlocked
getwchar
getwchar_unlocked
fgetws
fgetws_unlocked
fputws
fputws_unlocked
ungetwc
putwc
putwc_unlocked
putwchar
putwchar_unlocked
putchar
putchar_unlocked
fwprintf
swprintf
vwprintf
wprintf
wscanf
fwscanf
vwscanf
vswprintf
vswscanf
swscanf
_IO_least_wmarker
_IO_switch_to_main_wget_area
_IO_switch_to_wbackup_area
_IO_wsetb
_IO_wdefault_pbackfail
_IO_wdefault_finish
_IO_wdefault_uflow
__woverflow
__wuflow
__wunderflow
_IO_wdefault_xsputn
_IO_wdefault_xsgetn
_IO_wdoallocbuf
_IO_wdefault_doallocate
_IO_switch_to_wget_mode
_IO_free_wbackup_area
_IO_sputbackwc
_IO_sungetwc
_IO_adjust_wcolumn
_IO_init_wmarker
_IO_wmarker_delta
_IO_seekwmark
_IO_unsave_wmarkers
_IO_wfile_underflow
_IO_wfile_seekoff
_IO_wdo_write
_IO_wfile_overflow
_IO_wfile_sync
_IO_wfile_xsputn
fwide
open_wmemstream
clearerr
_IO_feof
ferror
fileno_unlocked
fputc
freopen
fseek
fgetc
getchar
open_memstream
pclose
putc
rewind
setbuf
setlinebuf
vasprintf
vdprintf
vscanf
__vsnprintf
obstack_vprintf
obstack_printf
fcloseall
fseeko64
ftello64
freopen64
__fbufsize
__freading
__fwriting
__freadable
__fwritable
__flbf
__fpurge
__fpending
__fsetlocking
__libc_fatal
fmemopen
fmemopen
clearerr_unlocked
feof_unlocked
ferror_unlocked
fputc_unlocked
fgetc_unlocked
getchar_unlocked
fflush_unlocked
putc_unlocked
_IO_peekc_locked
fread_unlocked
fwrite_unlocked
fgets_unlocked
fputs_unlocked
_IO_file_sync
_IO_file_close
_IO_file_setbuf
_IO_file_seek
_IO_file_seekoff
_IO_file_stat
_IO_file_write
_IO_file_read
_IO_file_xsputn
_IO_file_init
_IO_file_close_it
_IO_file_finish
_IO_file_open
_IO_file_fopen
_IO_file_attach
_IO_do_write
_IO_file_underflow
_IO_file_overflow
_IO_un_link
_IO_link_in
_IO_switch_to_get_mode
_IO_free_backup_area
__overflow
__underflow
__uflow
_IO_setb
_IO_doallocbuf
_IO_default_uflow
_IO_default_xsputn
_IO_sgetn
_IO_default_xsgetn
_IO_default_doallocate
_IO_enable_locks
_IO_init
_IO_default_finish
_IO_sputbackc
_IO_sungetc
_IO_adjust_column
_IO_flush_all
_flushlbf
_IO_init_marker
_IO_remove_marker
_IO_marker_difference
_IO_marker_delta
_IO_seekmark
_IO_unsave_markers
_IO_default_pbackfail
_IO_iter_begin
_IO_iter_end
_IO_iter_next
_IO_iter_file
_IO_list_lock
_IO_list_unlock
_IO_list_resetlock
_IO_str_underflow
_IO_str_overflow
_IO_str_pbackfail
_IO_str_init_static
_IO_str_init_readonly
_IO_str_seekoff
__libc_malloc
cfree
realloc
memalign
__libc_valloc
pvalloc
__libc_calloc
malloc_trim
malloc_usable_size
__libc_mallinfo
malloc_stats
__libc_mallopt
posix_memalign
malloc_info
__default_morecore
mcheck_check_all
mcheck
mcheck_pedantic
mprobe
tr_break
mtrace
muntrace
_obstack_begin
_obstack_begin_1
_obstack_newchunk
_obstack_allocated_p
obstack_free
_obstack_memory_used
__libc_reallocarray
__libc_scratch_buffer_grow
__libc_scratch_buffer_grow_preserve
__libc_scratch_buffer_set_array_size
__libc_dynarray_at_failure
__libc_dynarray_emplace_enlarge
__libc_dynarray_finalize
__libc_dynarray_resize
__libc_dynarray_resize_clear
__libc_alloc_buffer_alloc_array
__libc_alloc_buffer_allocate
__libc_alloc_buffer_copy_bytes
__libc_alloc_buffer_copy_string
__libc_alloc_buffer_create_failure
strcoll
strverscmp
__strdup
strndup
strerror
__strerror_r
strsignal
strtok
__strtok_r
strxfrm
bcopy
__ffs
ffsl
memccpy
strsep
strcasestr
swab
strfry
memfrob
memmem
argz_append
argz_add
__argz_count
argz_create
argz_create_sep
argz_next
argz_delete
argz_extract
argz_insert
__argz_stringify
argz_add_sep
argz_replace
envz_entry
envz_get
envz_remove
envz_add
envz_merge
envz_strip
basename
strcoll_l
strxfrm_l
__strtok_r_1c
__strsep_1c
__strsep_2c
__strsep_3c
__strcspn_c1
__strcspn_c2
__strcspn_c3
__strspn_c1
__strspn_c2
__strspn_c3
__strpbrk_c2
__strpbrk_c3
__mempcpy_small
__strcpy_small
__stpcpy_small
__xpg_strerror_r
strerror_l
explicit_bzero
memcpy
__bzero
wcscat
wcscmp
wcscspn
wcsdup
wcsncat
wcsncmp
wcsncpy
wcspbrk
wcsspn
wcstok
wcsstr
wmemcpy
wmemmove
wcpcpy
wcpncpy
wmempcpy
btowc
wctob
mbsinit
__mbrlen
mbrtoc32
c32rtomb
mbsrtowcs
wcsrtombs
mbsnrtowcs
wcsnrtombs
wcschrnul
__wcstoll_internal
wcstol
__wcstoul_internal
wcstouq
__wcstod_internal
wcstof32x
__wcstold_internal
wcstold
__wcstof_internal
wcstof32
wcstoll_l
wcstoull_l
wcstof64_l
__wcstold_l
wcstof32_l
wcscoll
wcsxfrm
wcwidth
wcswidth
__wcscoll_l
__wcsxfrm_l
wcscasecmp
wcsncasecmp
wcscasecmp_l
__wcsncasecmp_l
__isoc99_wscanf
__isoc99_vwscanf
__isoc99_fwscanf
__isoc99_vfwscanf
__isoc99_swscanf
__isoc99_vswscanf
mbrtoc16
c16rtomb
wcstof128_l
__wcstof128_internal
wcstof128
asctime_r
asctime
clock
ctime
ctime_r
difftime
gmtime_r
gmtime
localtime_r
localtime
timelocal
settimeofday
adjtime
tzset
getitimer
setitimer
stime
dysize
timegm
ftime
getdate_r
getdate
strptime
strptime_l
strftime
wcsftime
__strftime_l
wcsftime_l
timespec_get
ntp_gettime
ntp_gettimex
opendir
closedir
readdir
readdir_r
rewinddir
seekdir
telldir
scandir
alphasort
versionsort64
dirfd
fdopendir
scandirat64
getdirentries
fgetgrent
getgrouplist
initgroups
setgroups
getgrent
getgrgid
getgrnam
putgrent
setgrent
endgrent
getgrent_r
getgrgid_r
getgrnam_r
_nss_files_parse_grent
fgetgrent_r
__copy_grp
__merge_grp
fgetpwent
getpw
putpwent
getpwent
getpwnam
getpwuid
setpwent
endpwent
getpwent_r
getpwnam_r
getpwuid_r
_nss_files_parse_pwent
fgetpwent_r
uname
times
__wait
__waitpid
wait3
wait4
waitid
alarm
sleep
pause
nanosleep
fork
__vfork
_Exit
execve
fexecve
execv
execle
execl
execvp
execlp
execvpe
getpid
getppid
getuid
geteuid
getgid
getegid
getgroups
setuid
setgid
group_member
getpgid
setpgid
getpgrp
__bsd_getpgrp
setpgrp
getsid
setsid
getresuid
getresgid
setresuid
setresgid
pathconf
sysconf
fpathconf
glob64
globfree64
glob_pattern_p
fnmatch
re_compile_pattern
re_set_syntax
re_compile_fastmap
regcomp
regerror
regfree
re_comp
regexec
re_match
re_search
re_match_2
re_search_2
re_set_registers
re_exec
confstr
getopt
__posix_getopt
getopt_long
getopt_long_only
sched_setparam
sched_getparam
__sched_setscheduler
sched_getscheduler
__sched_yield
sched_get_priority_max
sched_get_priority_min
sched_rr_get_interval
sched_getaffinity
sched_setaffinity
getaddrinfo
freeaddrinfo
gai_strerror
wordfree
wordexp
__libc_pread
__libc_pwrite
posix_spawn_file_actions_init
posix_spawn_file_actions_destroy
posix_spawn_file_actions_addclose
posix_spawn_file_actions_addopen
posix_spawn_file_actions_adddup2
posix_spawnattr_init
posix_spawnattr_destroy
posix_spawnattr_getsigdefault
posix_spawnattr_setsigdefault
posix_spawnattr_getflags
posix_spawnattr_setflags
posix_spawnattr_getpgroup
posix_spawnattr_setpgroup
posix_spawn
posix_spawnp
posix_spawnattr_getsigmask
posix_spawnattr_getschedpolicy
posix_spawnattr_getschedparam
posix_spawnattr_setsigmask
posix_spawnattr_setschedpolicy
posix_spawnattr_setschedparam
posix_madvise
__sched_cpualloc
__sched_cpufree
sched_getcpu
utime
mkfifo
mkfifoat
__xstat
__fxstat64
__lxstat64
__xmknod
__xmknodat
__fxstatat64
statfs64
fstatfs64
statvfs
fstatvfs64
umask
chmod
fchmod
lchmod
fchmodat
mkdir
mkdirat
__open_2
__open64
__open_nocancel
__open64_2
__openat_2
openat64
__openat64_2
__read
__read_nocancel
__write
__lseek
access
euidaccess
faccessat
fcntl
flock
lockf64
close
__close_nocancel
dup
dup2
dup3
pipe
pipe2
creat
chdir
fchdir
getcwd
getwd
get_current_dir_name
chown
fchown
lchown
fchownat
ttyname
ttyname_r
isatty
link
linkat
symlink
symlinkat
readlink
readlinkat
unlink
unlinkat
rmdir
ftw64
nftw
fts_open
fts_close
fts_read
fts64_set
fts64_children
poll
ppoll
posix_fadvise
posix_fallocate
posix_fallocate64
sendfile
copy_file_range
utimensat
futimens
sync_file_range
fallocate
cfgetospeed
cfgetispeed
cfsetospeed
cfsetispeed
cfsetspeed
tcsetattr
tcgetattr
tcgetpgrp
tcsetpgrp
tcdrain
tcflow
tcflush
tcsendbreak
cfmakeraw
tcgetsid
__getrlimit
setrlimit
getrusage
ulimit
vlimit
vtimes
getpriority
setpriority
nice
brk
__sbrk
sstk
ioctl
readv
writev
preadv
pwritev
preadv2
pwritev2
setreuid
setregid
seteuid
setegid
getpagesize
getdtablesize
gethostname
sethostname
getdomainname
setdomainname
select
pselect
acct
chroot
fsync
sync
fdatasync
syncfs
reboot
gethostid
sethostid
revoke
vhangup
swapon
swapoff
mktemp
mkstemp
mkdtemp
mkostemp
mkstemps64
mkostemps64
ualarm
usleep
gtty
stty
ptrace
setfsent
getfsent
getfsspec
getfsfile
endfsent
getmntent
__setmntent
endmntent
__getmntent_r
addmntent
hasmntopt
utimes
lutimes
futimes
futimesat
truncate64
ftruncate64
chflags
fchflags
insque
remque
getttynam
getttyent
setttyent
endttyent
getusershell
endusershell
setusershell
getpass
ttyslot
syslog
__syslog_chk
__vsyslog_chk
vsyslog
openlog
closelog
setlogmask
syscall
daemon
__mmap
__munmap
__mprotect
msync
madvise
mincore
remap_file_pages
mlock
munlock
mlockall
munlockall
fcvt
ecvt
gcvt
fcvt_r
ecvt_r
qfcvt
qecvt
qgcvt
qfcvt_r
qecvt_r
hdestroy
hsearch
hcreate
hcreate_r
hdestroy_r
hsearch_r
__tsearch
tfind
tdelete
twalk
tdestroy
lsearch
lfind
vwarnx
vwarn
warn
warnx
verr
verrx
err
errx
error
error_at_line
ustat
get_nprocs
get_nprocs_conf
get_phys_pages
get_avphys_pages
dirname
getloadavg
fgetxattr
flistxattr
fremovexattr
fsetxattr
getxattr
listxattr
lgetxattr
llistxattr
lremovexattr
lsetxattr
removexattr
setxattr
__getauxval
__libc_ifunc_impl_list
gnu_dev_major
gnu_dev_minor
gnu_dev_makedev
ioperm
iopl
sysctl
__clone
umount
umount2
readahead
setfsuid
setfsgid
epoll_pwait
signalfd
eventfd
eventfd_read
eventfd_write
prlimit
personality
epoll_wait
tee
vmsplice
splice
open_by_handle_at
mlock2
pkey_mprotect
pkey_set
pkey_get
__arch_prctl
modify_ldt
fanotify_mark
ntp_adjtime
capget
capset
clock_adjtime
create_module
delete_module
epoll_create
epoll_create1
epoll_ctl
get_kernel_syms
init_module
inotify_add_watch
inotify_init
inotify_init1
inotify_rm_watch
klogctl
mount
mremap
nfsservctl
pivot_root
prctl
query_module
quotactl
sysinfo
unshare
uselib
timerfd_create
timerfd_settime
timerfd_gettime
fanotify_init
name_to_handle_at
setns
process_vm_readv
process_vm_writev
memfd_create
pkey_alloc
pkey_free
bdflush
accept
bind
connect
getpeername
getsockname
getsockopt
listen
recv
recvfrom
recvmsg
__send
sendmsg
sendto
setsockopt
shutdown
socket
socketpair
isfdtype
sockatmark
accept4
recvmmsg
sendmmsg
__libc_sa_len
__cmsg_nxthdr
ftok
msgsnd
__libc_msgrcv
msgget
msgctl
semop
semget
semctl
semtimedop
shmat
shmdt
shmget
shmctl
moncontrol
monstartup
_mcleanup
profil
sprofil
__profile_frequency
_mcount
__fentry__
iswalnum
iswalpha
iswblank
iswcntrl
iswdigit
iswlower
iswgraph
iswprint
iswpunct
iswspace
iswupper
iswxdigit
towlower
towupper
wctype
iswctype
wctrans
__towctrans
__iswalnum_l
__iswalpha_l
__iswblank_l
iswcntrl_l
iswdigit_l
iswlower_l
__iswgraph_l
__iswprint_l
__iswpunct_l
__iswspace_l
iswupper_l
iswxdigit_l
__towlower_l
__towupper_l
wctype_l
__iswctype_l
__wctrans_l
__towctrans_l
getspent
getspnam
sgetspent
fgetspent
putspent
setspent
endspent
getspent_r
getspnam_r
_nss_files_parse_spent
sgetspent_r
fgetspent_r
lckpwdf
ulckpwdf
getsgent
getsgnam
sgetsgent
fgetsgent
putsgent
setsgent
endsgent
getsgent_r
getsgnam_r
_nss_files_parse_sgent
sgetsgent_r
fgetsgent_r
argp_failure
argp_help
argp_state_help
argp_error
argp_parse
argp_usage
__libc_alloca_cutoff
pthread_equal
pthread_attr_destroy
pthread_attr_init
pthread_attr_getdetachstate
pthread_attr_setdetachstate
pthread_attr_getinheritsched
pthread_attr_setinheritsched
pthread_attr_getschedparam
pthread_attr_setschedparam
pthread_attr_getschedpolicy
pthread_attr_setschedpolicy
pthread_attr_getscope
pthread_attr_setscope
pthread_condattr_destroy
pthread_condattr_init
pthread_cond_broadcast
pthread_cond_destroy
pthread_cond_init
pthread_cond_signal
pthread_cond_wait
pthread_cond_timedwait
pthread_exit
pthread_getschedparam
pthread_setschedparam
pthread_mutex_destroy
pthread_mutex_init
pthread_mutex_lock
pthread_mutex_unlock
pthread_setcancelstate
pthread_setcanceltype
__libc_pthread_init
__register_atfork
pthread_self
__clock_getcpuclockid
clock_getres
clock_gettime
clock_settime
clock_nanosleep
backtrace
__backtrace_symbols
__backtrace_symbols_fd
__cyg_profile_func_exit
__stpcpy_chk
__strcat_chk
__strcpy_chk
__strncat_chk
__strncpy_chk
__stpncpy_chk
__sprintf_chk
__vsprintf_chk
__snprintf_chk
__vsnprintf_chk
__printf_chk
__fprintf_chk
__vprintf_chk
__vfprintf_chk
__gets_chk
__chk_fail
__fgets_chk
__fgets_unlocked_chk
__read_chk
__pread_chk
__pread64_chk
__recv_chk
__recvfrom_chk
__readlink_chk
__readlinkat_chk
__getwd_chk
__getcwd_chk
__realpath_chk
__fread_chk
__fread_unlocked_chk
__wctomb_chk
__wcscpy_chk
__wmemcpy_chk
__wmemmove_chk
__wmempcpy_chk
__wcpcpy_chk
__wcsncpy_chk
__wcscat_chk
__wcsncat_chk
__wcpncpy_chk
__swprintf_chk
__vswprintf_chk
__wprintf_chk
__fwprintf_chk
__vwprintf_chk
__vfwprintf_chk
__fgetws_chk
__fgetws_unlocked_chk
__confstr_chk
__getgroups_chk
__ttyname_r_chk
__gethostname_chk
__getdomainname_chk
__wcrtomb_chk
__mbsnrtowcs_chk
__wcsnrtombs_chk
__mbsrtowcs_chk
__wcsrtombs_chk
__mbstowcs_chk
__wcstombs_chk
__asprintf_chk
__vasprintf_chk
__dprintf_chk
__vdprintf_chk
__obstack_vprintf_chk
__obstack_printf_chk
__longjmp_chk
__fdelt_chk
__poll_chk
__ppoll_chk
__explicit_bzero_chk
__stack_chk_fail
__fortify_fail
htonl
ntohs
inet_lnaof
inet_makeaddr
inet_netof
inet_ntoa
inet_network
__h_errno_location
gethostbyaddr
gethostbyaddr_r
gethostbyname
gethostbyname2
gethostbyname2_r
gethostbyname_r
gethostent
sethostent
endhostent
gethostent_r
getnetbyaddr
getnetbyaddr_r
getnetbyname
getnetent
setnetent
endnetent
getnetent_r
getnetbyname_r
getprotobynumber
getprotobynumber_r
getprotoent
setprotoent
endprotoent
getprotoent_r
getprotobyname
getprotobyname_r
getservbyname
getservbyname_r
getservbyport
getservbyport_r
getservent
setservent
endservent
getservent_r
ether_aton
ether_aton_r
ether_hostton
ether_line
ether_ntoa
ether_ntoa_r
ether_ntohost
rresvport_af
rcmd_af
rcmd
rresvport
ruserok_af
ruserok
iruserok_af
iruserok
__ivaliduser
rexec_af
rexec
ruserpass
__internal_setnetgrent
setnetgrent
__internal_endnetgrent
endnetgrent
__internal_getnetgrent_r
getnetgrent_r
innetgr
getnetgrent
setaliasent
endaliasent
getaliasent_r
getaliasent
getaliasbyname
getaliasbyname_r
getnameinfo
if_nametoindex
if_freenameindex
if_nameindex
if_indextoname
getifaddrs
freeifaddrs
inet6_option_space
inet6_option_init
inet6_option_append
inet6_option_alloc
inet6_option_next
inet6_option_find
getipv4sourcefilter
setipv4sourcefilter
getsourcefilter
setsourcefilter
inet6_opt_init
inet6_opt_append
inet6_opt_finish
inet6_opt_set_val
inet6_opt_next
inet6_opt_find
inet6_opt_get_val
inet6_rth_space
inet6_rth_init
inet6_rth_add
inet6_rth_reverse
inet6_rth_segments
inet6_rth_getaddr
__inet6_scopeid_pton
__netlink_assert_response
herror
hstrerror
inet_aton
inet_addr
inet_ntop
__inet_pton_length
inet_pton
inet_nsap_addr
inet_nsap_ntoa
__res_ninit
__res_init
__res_state
__res_randomid
__res_iclose
__res_nclose
__resolv_context_get
__resolv_context_get_preinit
__resolv_context_get_override
__resolv_context_put
__gai_sigqueue
__nss_database_lookup
__nss_configure_lookup
__nss_lookup_function
__nss_lookup
__nss_next2
__nss_disable_nscd
__nss_hostname_digits_dots
__nss_services_lookup2
__nss_hosts_lookup2
__nss_group_lookup2
__nss_passwd_lookup2
__nss_hash
authnone_create
xdr_authunix_parms
bindresvport
clntraw_create
callrpc
_rpc_dtablesize
getrpcport
pmap_set
pmap_unset
pmap_getmaps
xdr_pmap
xdr_pmaplist
xdr_rmtcallres
xdr_rmtcall_args
pmap_rmtcall
clnt_broadcast
xdr_rejected_reply
xdr_accepted_reply
xdr_opaque_auth
xdr_des_block
xdr_replymsg
xdr_callhdr
_seterr_reply
xdr_callmsg
_authenticate
svcraw_create
registerrpc
xdr_float
xdr_double
xdrrec_create
xdrrec_skiprecord
xdrrec_eof
xdrrec_endofrecord
getpublickey
getsecretkey
xdr_authdes_cred
xdr_authdes_verf
cbc_crypt
ecb_crypt
des_setparity
xdr_keystatus
xdr_keybuf
xdr_netnamestr
xdr_cryptkeyarg
xdr_cryptkeyarg2
xdr_cryptkeyres
xdr_unixcred
xdr_getcredres
xdr_key_netstarg
xdr_key_netstres
rtime
authdes_getucred
getrpcent
getrpcbyname
getrpcbynumber
setrpcent
endrpcent
getrpcent_r
getrpcbyname_r
getrpcbynumber_r
clntunix_create
svcunix_create
svcunixfd_create
authdes_create
authdes_pk_create
authunix_create
authunix_create_default
clnt_create
clnt_sperror
clnt_perror
clnt_sperrno
clnt_perrno
clnt_spcreateerror
clnt_pcreateerror
clnttcp_create
__libc_clntudp_bufcreate
clntudp_bufcreate
clntudp_create
get_myaddress
key_setsecret
key_secretkey_is_set
key_encryptsession
key_decryptsession
key_encryptsession_pk
key_decryptsession_pk
key_gendes
key_setnet
key_get_conv
user2netname
host2netname
getnetname
netname2user
netname2host
__libc_rpc_getport
pmap_getport
__rpc_thread_svc_fdset
__rpc_thread_createerr
__rpc_thread_svc_pollfd
__rpc_thread_svc_max_pollfd
xprt_register
xprt_unregister
svc_register
svc_unregister
svc_sendreply
svcerr_noproc
svcerr_decode
svcerr_systemerr
svcerr_auth
svcerr_weakauth
svcerr_noprog
svcerr_progvers
svc_getreq_common
svc_getreqset
svc_getreq_poll
svc_getreq
svctcp_create
svcfd_create
svcudp_bufcreate
svcudp_create
svcudp_enablecache
passwd2des
xencrypt
xdecrypt
xdr_array
xdr_vector
xdr_free
xdr_void
xdr_int
xdr_u_int
xdr_long
xdr_u_long
xdr_hyper
xdr_u_hyper
xdr_longlong_t
xdr_u_longlong_t
xdr_short
xdr_u_short
xdr_char
xdr_u_char
xdr_bool
xdr_enum
xdr_opaque
xdr_bytes
xdr_netobj
xdr_union
xdr_string
xdr_wrapstring
xdr_int64_t
xdr_quad_t
xdr_uint64_t
xdr_u_quad_t
xdr_int32_t
xdr_uint32_t
xdr_int16_t
xdr_uint16_t
xdr_int8_t
xdr_uint8_t
xdrmem_create
xdr_reference
xdr_pointer
xdr_sizeof
xdrstdio_create
svc_exit
svc_run
isastream
getmsg
getpmsg
putmsg
putpmsg
fattach
fdetach
getlogin
getlogin_r
setlogin
__getlogin_r_chk
getutent
setutent
getutent_r
pututline
endutent
getutid
getutline
getutid_r
getutline_r
utmpname
updwtmp
posix_openpt
getpt
grantpt
unlockpt
ptsname
ptsname_r
__ptsname_r_chk
setutxent
getutxent
endutxent
getutxid
getutxline
pututxline
utmpxname
updwtmpx
getutmp
dl_iterate_phdr
_dl_addr
_dl_mcount_wrapper
_dl_mcount_wrapper_check
__libc_dlopen_mode
__libc_dlsym
__libc_dlvsym
__libc_dlclose
_dl_vsym
_dl_sym
_dl_signal_exception
_dl_signal_error
_dl_catch_exception
_dl_catch_error
__sigismember
__sigaddset
__sigdelset
quick_exit
realpath
malloc_get_state
malloc_set_state
regexec
glob
sched_getaffinity
sched_setaffinity
posix_spawn
posix_spawnp
nftw64
step
advance
pthread_cond_broadcast
pthread_cond_destroy
pthread_cond_init
pthread_cond_signal
pthread_cond_wait
pthread_cond_timedwait
__nss_next
__nss_group_lookup
__libc_freeres_fn
__libc_freeres
__libc_thread_freeres_fn
__libc_thread_freeres
