Program Name: 		xalanc
# Predicted Correctly: 	5763556
Total #: 		6554572
Accuracy: 		0.879318436047
Dimensionality: 	2249
Unique PC Ratio: 	0.0343119276133 %
--------------------------------------> 4.97917604446 

Program Name: 		soplex.med
# Predicted Correctly: 	149751
Total #: 		174644
Accuracy: 		0.857464327432
Dimensionality: 	261
Unique PC Ratio: 	0.149446874785 %
--------------------------------------> 0.158448219299 

Program Name: 		astar
# Predicted Correctly: 	923877
Total #: 		1151063
Accuracy: 		0.802629395611
Dimensionality: 	54
Unique PC Ratio: 	0.00469131576638 %
--------------------------------------> 0.884852170944 

Program Name: 		omnetpp
# Predicted Correctly: 	3107005
Total #: 		4861397
Accuracy: 		0.639117726859
Dimensionality: 	1498
Unique PC Ratio: 	0.0308141877736 %
--------------------------------------> 3.77379393578 

Program Name: 		gcc
# Predicted Correctly: 	1880765
Total #: 		2128622
Accuracy: 		0.883559880524
Dimensionality: 	3280
Unique PC Ratio: 	0.154090298794 %
--------------------------------------> 1.60857915878 

Program Name: 		cactusADM
# Predicted Correctly: 	1089638
Total #: 		1210894
Accuracy: 		0.899862415703
Dimensionality: 	522
Unique PC Ratio: 	0.043108645348 %
--------------------------------------> 0.934572935104 

Program Name: 		bzip2
# Predicted Correctly: 	3785398
Total #: 		4751208
Accuracy: 		0.796723275428
Dimensionality: 	104
Unique PC Ratio: 	0.00218891700805 %
--------------------------------------> 3.64883589745 

Program Name: 		milc
# Predicted Correctly: 	3778558
Total #: 		3927070
Accuracy: 		0.962182492291
Dimensionality: 	165
Unique PC Ratio: 	0.00420160577734 %
--------------------------------------> 3.00632596016 

Program Name: 		sphinx3
# Predicted Correctly: 	2562042
Total #: 		3030819
Accuracy: 		0.845329925674
Dimensionality: 	1698
Unique PC Ratio: 	0.0560244607151 %
--------------------------------------> 2.31257390976 

Program Name: 		soplex
# Predicted Correctly: 	6503617
Total #: 		8974644
Accuracy: 		0.724665736045
Dimensionality: 	2348
Unique PC Ratio: 	0.0261625976473 %
--------------------------------------> 6.93768215179 

Program Name: 		mcf
# Predicted Correctly: 	17720339
Total #: 		19988560
Accuracy: 		0.886524041752
Dimensionality: 	650
Unique PC Ratio: 	0.00325186006396 %
--------------------------------------> 15.6198570728 

Program Name: 		tonto
# Predicted Correctly: 	4635572
Total #: 		5453228
Accuracy: 		0.850060184537
Dimensionality: 	1292
Unique PC Ratio: 	0.0236923891684 %
--------------------------------------> 4.19526600838 

