Program Name: xalanc
PC-History Count: 6554572
+-------------------------+-----------------+-----------------+----------------+----------------+
| Unique PC-History Ratio |        2        |        4        |       8        |       16       |
+-------------------------+-----------------+-----------------+----------------+----------------+
|         Ordered         | 0.0830874998398 |  0.107327831627 | 0.142682695377 | 0.205163510295 |
|        Unordered        | 0.0792248525152 | 0.0928268085239 | 0.103805709969 | 0.119979000917 |
+-------------------------+-----------------+-----------------+----------------+----------------+
Execute Time: 38.1592071056

Program Name: soplex.med
PC-History Count: 174644
+-------------------------+----------------+----------------+----------------+----------------+
| Unique PC-History Ratio |       2        |       4        |       8        |       16       |
+-------------------------+----------------+----------------+----------------+----------------+
|         Ordered         | 0.921188245803 | 0.986326469847 | 0.998133345549 | 0.999644992098 |
|        Unordered        | 0.909782185474 | 0.982999702251 | 0.996243787362 | 0.998728842674 |
+-------------------------+----------------+----------------+----------------+----------------+
Execute Time: 1.51204395294

Program Name: omnetpp
PC-History Count: 4861397
+-------------------------+----------------+----------------+----------------+----------------+
| Unique PC-History Ratio |       2        |       4        |       8        |       16       |
+-------------------------+----------------+----------------+----------------+----------------+
|         Ordered         | 0.469523060964 | 0.690319675599 | 0.833896511641 | 0.931761796043 |
|        Unordered        | 0.450507744996 | 0.670219486292 | 0.813520269996 | 0.914807204596 |
+-------------------------+----------------+----------------+----------------+----------------+
Execute Time: 33.5324809551

Program Name: gcc
PC-History Count: 2128622
+-------------------------+----------------+----------------+----------------+----------------+
| Unique PC-History Ratio |       2        |       4        |       8        |       16       |
+-------------------------+----------------+----------------+----------------+----------------+
|         Ordered         | 0.23579480058  | 0.269336688242 | 0.283661918368 | 0.287983963334 |
|        Unordered        | 0.229436226817 | 0.268317719163 | 0.283464137832 | 0.287850073898 |
+-------------------------+----------------+----------------+----------------+----------------+
Execute Time: 15.0459120274

Program Name: cactusADM
PC-History Count: 1210894
+-------------------------+----------------+----------------+----------------+----------------+
| Unique PC-History Ratio |       2        |       4        |       8        |       16       |
+-------------------------+----------------+----------------+----------------+----------------+
|         Ordered         | 0.784589732875 | 0.893499348415 | 0.979784357673 | 0.999589559449 |
|        Unordered        | 0.772573817361 | 0.880662551801 | 0.96683442151  | 0.998288867564 |
+-------------------------+----------------+----------------+----------------+----------------+
Execute Time: 8.30411911011

Program Name: bzip2
PC-History Count: 4751208
+-------------------------+----------------+----------------+---------------+----------------+
| Unique PC-History Ratio |       2        |       4        |       8       |       16       |
+-------------------------+----------------+----------------+---------------+----------------+
|         Ordered         | 0.585807440971 | 0.944448864373 |  0.9850840039 | 0.998214980274 |
|        Unordered        | 0.560674043317 | 0.92832307068  | 0.97346338026 | 0.993046820935 |
+-------------------------+----------------+----------------+---------------+----------------+
Execute Time: 35.3715951443

Program Name: milc
PC-History Count: 3927070
+-------------------------+----------------+----------------+-----+-----+
| Unique PC-History Ratio |       2        |       4        |  8  |  16 |
+-------------------------+----------------+----------------+-----+-----+
|         Ordered         | 0.922145772803 | 0.998165044168 | 1.0 | 1.0 |
|        Unordered        | 0.92214373566  | 0.998164534882 | 1.0 | 1.0 |
+-------------------------+----------------+----------------+-----+-----+
Execute Time: 32.4862840176

Program Name: sphinx3
PC-History Count: 3030819
+-------------------------+----------------+----------------+----------------+----------------+
| Unique PC-History Ratio |       2        |       4        |       8        |       16       |
+-------------------------+----------------+----------------+----------------+----------------+
|         Ordered         | 0.110207834912 | 0.175853787376 | 0.266529608004 | 0.375805681567 |
|        Unordered        | 0.102631334963 | 0.153591158034 | 0.221295300049 | 0.309893134496 |
+-------------------------+----------------+----------------+----------------+----------------+
Execute Time: 20.4070568085

Program Name: soplex
PC-History Count: 8974644
+-------------------------+----------------+----------------+----------------+----------------+
| Unique PC-History Ratio |       2        |       4        |       8        |       16       |
+-------------------------+----------------+----------------+----------------+----------------+
|         Ordered         | 0.273044368111 | 0.443285995522 | 0.561875100561 | 0.660969170476 |
|        Unordered        | 0.249666727728 | 0.399385758365 | 0.480803361114 | 0.536109064605 |
+-------------------------+----------------+----------------+----------------+----------------+
Execute Time: 59.0125329494

Program Name: mcf
PC-History Count: 19988560
+-------------------------+----------------+----------------+----------------+----------------+
| Unique PC-History Ratio |       2        |       4        |       8        |       16       |
+-------------------------+----------------+----------------+----------------+----------------+
|         Ordered         | 0.222934468516 | 0.36070477313  | 0.479672822855 | 0.578357170301 |
|        Unordered        | 0.206356085681 | 0.317007578335 | 0.393918471366 | 0.450534155537 |
+-------------------------+----------------+----------------+----------------+----------------+
Execute Time: 142.707256079

Program Name: tonto
PC-History Count: 5453228
+-------------------------+----------------+----------------+----------------+----------------+
| Unique PC-History Ratio |       2        |       4        |       8        |       16       |
+-------------------------+----------------+----------------+----------------+----------------+
|         Ordered         | 0.186898475545 | 0.276235286696 | 0.306149862063 | 0.329198779145 |
|        Unordered        | 0.165073237356 | 0.225481861386 | 0.238865493979 | 0.24295866595  |
+-------------------------+----------------+----------------+----------------+----------------+
Execute Time: 44.0096490383

