+-----------------------+------------------+
|        Property       |      Value       |
+-----------------------+------------------+
|      Program Name     |       gcc        |
| # Predicted Correctly |     1880765      |
|       Total PCs       |     2128622      |
|    Hawkeye Accuracy   | 1880765 (88.36%) |
|     Dimensionality    |       3280       |
|    Unique PC Ratio    |      0.154%      |
+-----------------------+------------------+
Execute Time:  3.61835980415 ms

+-----------------------+-----------------+
|        Property       |      Value      |
+-----------------------+-----------------+
|      Program Name     |      astar      |
| # Predicted Correctly |      923877     |
|       Total PCs       |     1151063     |
|    Hawkeye Accuracy   | 923877 (80.26%) |
|     Dimensionality    |        54       |
|    Unique PC Ratio    |      0.005%     |
+-----------------------+-----------------+
Execute Time:  2.2795112133 ms

+-----------------------+------------------+
|        Property       |      Value       |
+-----------------------+------------------+
|      Program Name     |      tonto       |
| # Predicted Correctly |     4635572      |
|       Total PCs       |     5453228      |
|    Hawkeye Accuracy   | 4635572 (85.01%) |
|     Dimensionality    |       1292       |
|    Unique PC Ratio    |      0.024%      |
+-----------------------+------------------+
Execute Time:  8.56608104706 ms

+-----------------------+------------------+
|        Property       |      Value       |
+-----------------------+------------------+
|      Program Name     |      soplex      |
| # Predicted Correctly |     6503617      |
|       Total PCs       |     8974644      |
|    Hawkeye Accuracy   | 6503617 (72.47%) |
|     Dimensionality    |       2348       |
|    Unique PC Ratio    |      0.026%      |
+-----------------------+------------------+
Execute Time:  14.1386389732 ms

+-----------------------+------------------+
|        Property       |      Value       |
+-----------------------+------------------+
|      Program Name     |      xalanc      |
| # Predicted Correctly |     5763556      |
|       Total PCs       |     6554572      |
|    Hawkeye Accuracy   | 5763556 (87.93%) |
|     Dimensionality    |       2249       |
|    Unique PC Ratio    |      0.034%      |
+-----------------------+------------------+
Execute Time:  10.249740839 ms

+-----------------------+------------------+
|        Property       |      Value       |
+-----------------------+------------------+
|      Program Name     |     sphinx3      |
| # Predicted Correctly |     2562042      |
|       Total PCs       |     3030819      |
|    Hawkeye Accuracy   | 2562042 (84.53%) |
|     Dimensionality    |       1698       |
|    Unique PC Ratio    |      0.056%      |
+-----------------------+------------------+
Execute Time:  4.6924571991 ms

+-----------------------+------------------+
|        Property       |      Value       |
+-----------------------+------------------+
|      Program Name     |     omnetpp      |
| # Predicted Correctly |     3107005      |
|       Total PCs       |     4861397      |
|    Hawkeye Accuracy   | 3107005 (63.91%) |
|     Dimensionality    |       1498       |
|    Unique PC Ratio    |      0.031%      |
+-----------------------+------------------+
Execute Time:  7.55199313164 ms

+-----------------------+-------------------+
|        Property       |       Value       |
+-----------------------+-------------------+
|      Program Name     |        mcf        |
| # Predicted Correctly |      17720339     |
|       Total PCs       |      19988560     |
|    Hawkeye Accuracy   | 17720339 (88.65%) |
|     Dimensionality    |        650        |
|    Unique PC Ratio    |       0.003%      |
+-----------------------+-------------------+
Execute Time:  31.7003369331 ms

+-----------------------+------------------+
|        Property       |      Value       |
+-----------------------+------------------+
|      Program Name     |      bzip2       |
| # Predicted Correctly |     3785398      |
|       Total PCs       |     4751208      |
|    Hawkeye Accuracy   | 3785398 (79.67%) |
|     Dimensionality    |       104        |
|    Unique PC Ratio    |      0.002%      |
+-----------------------+------------------+
Execute Time:  7.45490312576 ms

+-----------------------+------------------+
|        Property       |      Value       |
+-----------------------+------------------+
|      Program Name     |    cactusADM     |
| # Predicted Correctly |     1089638      |
|       Total PCs       |     1210894      |
|    Hawkeye Accuracy   | 1089638 (89.99%) |
|     Dimensionality    |       522        |
|    Unique PC Ratio    |      0.043%      |
+-----------------------+------------------+
Execute Time:  1.91725111008 ms

+-----------------------+------------------+
|        Property       |      Value       |
+-----------------------+------------------+
|      Program Name     |       milc       |
| # Predicted Correctly |     3778558      |
|       Total PCs       |     3927070      |
|    Hawkeye Accuracy   | 3778558 (96.22%) |
|     Dimensionality    |       165        |
|    Unique PC Ratio    |      0.004%      |
+-----------------------+------------------+
Execute Time:  6.69069290161 ms

+-----------------------+-----------------+
|        Property       |      Value      |
+-----------------------+-----------------+
|      Program Name     |    soplex.med   |
| # Predicted Correctly |      149751     |
|       Total PCs       |      174644     |
|    Hawkeye Accuracy   | 149751 (85.75%) |
|     Dimensionality    |       261       |
|    Unique PC Ratio    |      0.149%     |
+-----------------------+-----------------+
Execute Time:  0.285806179047 ms


