ame: gcc
PC-History Count: 2128622
+-------------------------+-----------------+-----------------+-----------------+-----------------+
| Unique PC-History Ratio |        2        |        4        |        8        |        16       |
+-------------------------+-----------------+-----------------+-----------------+-----------------+
|         Ordered         |  0.006134485127 | 0.0181253411832 |  0.055719615789 |  0.150243208987 |
|        Unordered        | 0.0054570515573 | 0.0133922321577 | 0.0266524540289 | 0.0486746824941 |
+-------------------------+-----------------+-----------------+-----------------+-----------------+
Execute Time: 20.826540947

Program Name: astar
PC-History Count: 1151063
+-------------------------+-------------------+-------------------+------------------+-----------------+
| Unique PC-History Ratio |         2         |         4         |        8         |        16       |
+-------------------------+-------------------+-------------------+------------------+-----------------+
|         Ordered         | 0.000178096246687 |  0.00256632347665 |  0.197561732069  |  0.955847768541 |
|        Unordered        | 0.000122495467233 | 0.000491719393291 | 0.00264103702404 | 0.0143997331163 |
+-------------------------+-------------------+-------------------+------------------+-----------------+
Execute Time: 12.4514780045

    Program Name: tonto
PC-History Count: 5453228
+-------------------------+-------------------+-------------------+------------------+------------------+
| Unique PC-History Ratio |         2         |         4         |        8         |        16        |
+-------------------------+-------------------+-------------------+------------------+------------------+
|         Ordered         | 0.000566820239315 |  0.00133058804803 | 0.00654052975595 | 0.0282993852448  |
|        Unordered        |  0.00050923966502 | 0.000821165005388 | 0.00125723699798 | 0.00202925679983 |
+-------------------------+-------------------+-------------------+------------------+------------------+
Execute Time: 54.2039029598

Program Name: soplex
PC-History Count: 8974644
+-------------------------+------------------+------------------+-----------------+-----------------+
| Unique PC-History Ratio |        2         |        4         |        8        |        16       |
+-------------------------+------------------+------------------+-----------------+-----------------+
|         Ordered         | 0.00142434619134 | 0.0176064922464  |  0.171556442796 |  0.384300368906 |
|        Unordered        | 0.00108149136612 | 0.00529458327261 | 0.0256581765249 | 0.0694214723169 |
+-------------------------+------------------+------------------+-----------------+-----------------+
Execute Time: 93.7794032097

Program Name: xalanc
PC-History Count: 6554572
+-------------------------+------------------+------------------+------------------+-----------------+
| Unique PC-History Ratio |        2         |        4         |        8         |        16       |
+-------------------------+------------------+------------------+------------------+-----------------+
|         Ordered         | 0.00195375075596 | 0.00575720275862 | 0.0262580073878  |  0.135336220275 |
|        Unordered        | 0.00168386280599 | 0.00403413068008 | 0.00790547422471 | 0.0165771311994 |
+-------------------------+------------------+------------------+------------------+-----------------+
Execute Time: 71.5474960804

Program Name: sphinx3
PC-History Count: 3030819
+-------------------------+------------------+------------------+-----------------+-----------------+
| Unique PC-History Ratio |        2         |        4         |        8        |        16       |
+-------------------------+------------------+------------------+-----------------+-----------------+
|         Ordered         | 0.00190278601263 | 0.00846998781517 | 0.0468295863263 |  0.173450146644 |
|        Unordered        | 0.00157911112475 | 0.00404709090183 | 0.0121194964133 | 0.0399179231752 |
+-------------------------+------------------+------------------+-----------------+-----------------+
Execute Time: 31.8756899834

Program Name: omnetpp
PC-History Count: 4861397
+-------------------------+------------------+-----------------+-----------------+----------------+
| Unique PC-History Ratio |        2         |        4        |        8        |       16       |
+-------------------------+------------------+-----------------+-----------------+----------------+
|         Ordered         | 0.00451043187791 |  0.030793823257 |  0.185087331892 | 0.576190341994 |
|        Unordered        | 0.00369749683064 | 0.0194987161098 | 0.0815531008885 | 0.352280836146 |
+-------------------------+------------------+-----------------+-----------------+----------------+
Execute Time: 54.9262349606

Program Name: mcf
PC-History Count: 19988560
+-------------------------+-------------------+-------------------+-----------------+-----------------+
| Unique PC-History Ratio |         2         |         4         |        8        |        16       |
+-------------------------+-------------------+-------------------+-----------------+-----------------+
|         Ordered         | 0.000124921455072 |  0.00194651340567 | 0.0489996778157 |   0.301431819   |
|        Unordered        | 9.41038273893e-05 | 0.000554267040747 | 0.0030093213318 | 0.0124178530119 |
+-------------------------+-------------------+-------------------+-----------------+-----------------+
Execute Time: 214.841291904

Program Name: bzip2
PC-History Count: 4751208
+-------------------------+-------------------+------------------+-------------------+-------------------+
| Unique PC-History Ratio |         2         |        4         |         8         |         16        |
+-------------------------+-------------------+------------------+-------------------+-------------------+
|         Ordered         | 6.31418367708e-05 | 0.00050134618396 |  0.00858181750831 |   0.106800628388  |
|        Unordered        |  4.5462122475e-05 | 0.00011281341503 | 0.000317392966168 | 0.000850310068513 |
+-------------------------+-------------------+------------------+-------------------+-------------------+
Execute Time: 50.6617109776

Program Name: cactusADM
PC-History Count: 1210894
+-------------------------+------------------+------------------+------------------+------------------+
| Unique PC-History Ratio |        2         |        4         |        8         |        16        |
+-------------------------+------------------+------------------+------------------+------------------+
|         Ordered         | 0.00121893410984 | 0.00271452331913 | 0.00570322422937 | 0.0130234355774  |
|        Unordered        | 0.00110744623394 | 0.00220002741776 | 0.00381453702801 | 0.00682553551343 |
+-------------------------+------------------+------------------+------------------+------------------+
Execute Time: 12.5898168087

Program Name: milc
PC-History Count: 3927070
+-------------------------+-------------------+-------------------+-------------------+-------------------+
| Unique PC-History Ratio |         2         |         4         |         8         |         16        |
+-------------------------+-------------------+-------------------+-------------------+-------------------+
|         Ordered         | 8.19949733516e-05 | 0.000160424947862 | 0.000297168117706 |  0.00058898873715 |
|        Unordered        | 7.38464045713e-05 |  0.00012604817332 | 0.000179013870392 | 0.000252860274963 |
+-------------------------+-------------------+-------------------+-------------------+-------------------+
Execute Time: 39.7923660278

Program Name: soplex.med
PC-History Count: 174644
+-------------------------+------------------+------------------+------------------+-----------------+
| Unique PC-History Ratio |        2         |        4         |        8         |        16       |
+-------------------------+------------------+------------------+------------------+-----------------+
|         Ordered         | 0.00273127047021 | 0.0143320125512  |  0.128232289686  |  0.492968553171 |
|        Unordered        | 0.00225029202263 | 0.00397952406037 | 0.00830833008864 | 0.0177103135521 |
+-------------------------+------------------+------------------+------------------+-----------------+
Execute Time: 1.75832009315

\begin{figure}[hbt]
\centering
\includegraphics[height=3.5in]{figures/taxonomy.pdf}
\caption{A Taxonomy of Cache Replacement Policies.}
\label{fig:Taxonomy}
\end{figure}


